<?xml version="1.0" encoding="UTF-8"?>
<testsuite name="PrimAlgorithmTest" tests="1" skipped="0" failures="0" errors="0" timestamp="2021-06-10T09:16:05" hostname="RWAMW034799" time="0.049">
  <properties/>
  <testcase name="getMst()" classname="PrimAlgorithmTest" time="0.049"/>
  <system-out><![CDATA[Edge: 0 -> 1 weight: 4
Edge: 1 -> 2 weight: 2
Edge: 0 -> 4 weight: 6
Edge: 0 -> 3 weight: 6
]]></system-out>
  <system-err><![CDATA[]]></system-err>
</testsuite>
