<?xml version="1.0" encoding="UTF-8"?>
<testsuite name="MazeTest" tests="1" skipped="0" failures="0" errors="0" timestamp="2021-06-10T21:34:55" hostname="konrads-macbook-pro.home" time="0.049">
  <properties/>
  <testcase name="exportMaze()" classname="MazeTest" time="0.049"/>
  <system-out><![CDATA[]]></system-out>
  <system-err><![CDATA[]]></system-err>
</testsuite>
